buffer,0,103,5
100% match,Nirvana,Smells Like Teen Spirit
imperfect matchU2=Drake,One=One Dance
100% match,Backstreet Boys,I Want It That Way
100% match,Whitney Houston,I Will Always Love You
100% match,Madonna,Vogue
buffer,5,103,5
100% match,Sir Mix-A-Lot,Baby Got Back
imperfect matchBritney Spears=Britney Spears,Baby One More Time=...Baby One More Time
100% match,TLC,Waterfalls
100% match,R.E.M.,Losing My Religion
imperfect matchSinéad O'Connor=Wellas,Nothing Compares 2 U=Nothing Compares to You
buffer,10,103,5
100% match,Pearl Jam,Jeremy
100% match,Alanis Morissette,You Oughta Know
imperfect matchDr. Dre (featuring Snoop Doggy Dogg)=Cold Chilling Collective,Nuthin' but a G Thang=Nuthin' but a "G" Thang
100% match,Mariah Carey,Vision of Love
imperfect matchRed Hot Chili Peppers=Red Hot Chili Peppers,Under the Bridge=Under The Bridge
buffer,15,103,5
100% match,MC Hammer,U Can't Touch This
imperfect matchDestiny's Child=ODESZA,Say My Name=Say My Name (feat. Zyra)
100% match,Metallica,Enter Sandman
imperfect matchBeastie Boys=Tove Lo,Sabotage=Habits (Stay High) - Hippie Sabotage Remix
imperfect matchHanson=Hanson,MMMBop=MMMBop - Single Version
buffer,20,103,5
error,Celine Dion,My Heart Will Go On
imperfect matchBeck=_error,Loser=_error
imperfect matchSalt-N-Pepa with En Vogue=Salt 'n' Pepa with En Vogue,Whatta Man=Whatta Man - Salt-N-Pepa feat. En Vogue EP Version
imperfect matchHouse of Pain=House Of Pain,Jump Around=Jump Around
100% match,Soundgarden,Black Hole Sun
buffer,25,103,5
100% match,Soundgarden,Black Hole Sun
100% match,Eminem,My Name Is
100% match,Counting Crows,Mr. Jones
100% match,Ricky Martin,Livin' la Vida Loca
100% match,Vanilla Ice,Ice Ice Baby
buffer,30,103,5
imperfect match*NSYNC=*NSYNC,Tearin' Up My Heart=Tearin' up My Heart - Radio Edit
100% match,Radiohead,Creep
imperfect matchBLACKstreet=Blackstreet,No Diggity=No Diggity
imperfect matchSpice Girls=Spice Girls,Wannabe=Wannabe - Radio Edit
100% match,Third Eye Blind,Semi-Charmed Life
buffer,35,103,5
imperfect matchOasis=Oasis,Wonderwall=Wonderwall - Remastered
imperfect matchC+C Music Factory=Oasis,Wonderwall=Wonderwall - Remastered
imperfect matchGreen Day=Oasis,Wonderwall=Wonderwall - Remastered
imperfect matchChristina Aguilera=Christina Aguilera,Genie In A Bottle=Genie in a Bottle
imperfect matchGoo Goo Dolls=The Goo Goo Dolls,Iris=Iris
buffer,40,103,5
100% match,Color Me Badd,I Wanna Sex You Up
100% match,Spin Doctors,Two Princes
imperfect matchCollective Soul=Florida Georgia Line,Shine=Get Your Shine On
imperfect matchEn Vogue=Florida Georgia Line,Shine=Get Your Shine On
imperfect matchThe Fugees=Roberta Flack,Killing Me Softly With His Song=Killing Me Softly With His Song
buffer,45,103,5
imperfect matchHootie & the Blowfish=Volbeat,Only Wanna Be With You=I Only Wanna Be With You
imperfect matchShania Twain=Shania Twain,You're Still the One=You're Still The One
imperfect matchMarky Mark and the Funky Bunch=The Beach Boys,Good Vibrations=Good Vibrations - 2001 - Remaster
imperfect matchMatchbox Twenty=Jesse & Joy,3 A.M.=3 a.m. - feat. Tommy Torres
100% match,Jewel,Who Will Save Your Soul
buffer,50,103,5
100% match,Jewel,Who Will Save Your Soul
100% match,Jewel,Who Will Save Your Soul
imperfect match2Pac (featuring Dr. Dre and Roger Troutman)=2Pac,California Love=California Love - Original Mix (Explicit)
imperfect matchSugar Ray=One Direction,Fly=If I Could Fly
imperfect matchNaughty by Nature=Naughty By Nature,O.P.P.=O.P.P.
buffer,55,103,5
imperfect matchJoan Osborne=Joan Osborne,One of Us=One Of Us
imperfect matchFiona Apple=Lukas Graham,Criminal=Better Than Yourself (Criminal Mind Pt. 2)
imperfect matchL.L. Cool J=Five Finger Death Punch,Mama Said Knock You Out=Mama Said Knock You Out
imperfect matchJay-Z featuring Amil and Ja Rule=JAY Z,Can I Get A...=Can I Get A...
imperfect matchSophie B. Hawkins=Sophie B. Hawkins,Damn, I Wish I Was Your Lover=Damn I Wish I Was Your Lover
buffer,60,103,5
100% match,Weezer,Buddy Holly
imperfect matchBell Biv DeVoe=_error,Poison=_error
imperfect matchSheryl Crow=Martin Jensen,All I Wanna Do=All I Wanna Do
imperfect matchLive=Mike Posner,I Alone=I Took A Pill In Ibiza - Seeb Remix
imperfect matchThe Notorious B.I.G. featuring Mase & Puff Daddy=The Notorious B.I.G.,Mo Money Mo Problems=Mo Money Mo Problems (feat. Mase & Puff Daddy)
buffer,65,103,5
imperfect matchThe Presidents of the United States of America=112,Peaches=Peaches & Cream (feat. P. Diddy)
100% match,Digital Underground,The Humpty Dance
imperfect matchEdwin McCain=Diddy,I'll Be=I'll Be Missing You (feat. 112)
100% match,Deee-Lite,Groove Is In The Heart
100% match,Will Smith,Gettin' Jiggy Wit It
buffer,70,103,5
imperfect matchKorn=Korn,Freak on a Leash=Freak On a Leash
imperfect matchJamiroquai=Jamiroquai,Virtual Insanity=Virtual Insanity - Remastered
imperfect matchArrested Development=Chris Stapleton,Tennessee=Tennessee Whiskey
100% match,Barenaked Ladies,One Week
imperfect matchMarcy Playground=Marcy Playground,Sex and Candy=Sex And Candy
buffer,75,103,5
100% match,Cher,Believe
imperfect matchKris Kross=House Of Pain,Jump=Jump Around
imperfect matchKris Kross=House Of Pain,Jump=Jump Around
imperfect matchBlues Traveler=Blues Traveler,Run-around=Run-Around
imperfect matchIce Cube=Ice Cube,It Was a Good Day=It Was A Good Day
buffer,80,103,5
100% match,Lenny Kravitz,Are You Gonna Go My Way
imperfect matchMeredith Brooks=Rihanna,Bitch=Bitch Better Have My Money
100% match,Right Said Fred,I'm Too Sexy
imperfect matchPaula Cole=Paula Cole,I Don't Want to Wait=I Don't Want To Wait
100% match,Geto Boys,Mind Playing Tricks on Me
buffer,85,103,5
imperfect matchThe Breeders=Skylar Grey,Cannonball=Cannonball
100% match,Snow,Informer
imperfect matchCypress Hill=Cypress Hill,Insane In The Brain=Insane in the Brain
100% match,The Cranberries,Linger
100% match,Billy Ray Cyrus,Achy Breaky Heart
buffer,90,103,5
imperfect matchDuncan Sheik=Duncan Sheik,Barely Breathing=Barely Breathing (45 Version)
imperfect matchLiz Phair=Lupe Fiasco,Never Said=Words I Never Said (feat. Skylar Grey)
100% match,New Radicals,You Get What You Give
100% match,Sarah McLachlan,Building a Mystery
imperfect matchPublic Enemy=Public Enemy,911 Is a Joke=911 Is A Joke
buffer,95,103,5
imperfect matchLisa Loeb=Public Enemy,911 Is a Joke=911 Is A Joke
imperfect matchFastball=Fat Joe,The Way=All The Way Up
100% match,Montell Jordan,This Is How We Do It
imperfect matchNelson=Nelson,(Can't Live Without Your) Love and Affection=(Can't Live Without Your) Love And Affection
imperfect matchPrince & The New Power Generation=Pop Royals,Gett Off=Gett Off - Original
buffer,100,103,5
imperfect matchEMF=_error,Unbelievable=_error
imperfect matchMissy Elliott=_error,Unbelievable=_error
imperfect match Gerardo=Gerardo,Rico Suave=Rico Suave
